<?xml version="1.0" encoding="UTF-8"?>
<coverage generated="1780035371992" clover="3.2.0">
  <project timestamp="1780035371992" name="All files">
    <metrics statements="1" coveredstatements="1" conditionals="2" coveredconditionals="1" methods="1" coveredmethods="1" elements="4" coveredelements="3" complexity="0" loc="1" ncloc="1" packages="1" files="1" classes="1"/>
    <file name="BookCard.tsx" path="D:\Project_API\Books_UI\books-react-ui\src\components\BookCard.tsx">
      <metrics statements="1" coveredstatements="1" conditionals="2" coveredconditionals="1" methods="1" coveredmethods="1"/>
      <line num="19" count="3" type="stmt"/>
    </file>
  </project>
</coverage>
