{"D:\\Project_API\\Books_UI\\books-react-ui\\src\\components\\BookCard.tsx": {"path":"D:\\Project_API\\Books_UI\\books-react-ui\\src\\components\\BookCard.tsx","statementMap":{"0":{"start":{"line":19,"column":4},"end":{"line":39,"column":null}}},"fnMap":{"0":{"name":"BookCard","decl":{"start":{"line":15,"column":9},"end":{"line":15,"column":18}},"loc":{"start":{"line":17,"column":10},"end":{"line":43,"column":null}},"line":17}},"branchMap":{"0":{"loc":{"start":{"line":29,"column":17},"end":{"line":29,"column":null}},"type":"binary-expr","locations":[{"start":{"line":29,"column":17},"end":{"line":29,"column":38}},{"start":{"line":29,"column":38},"end":{"line":29,"column":null}}],"line":29}},"s":{"0":3},"f":{"0":3},"b":{"0":[3,0]},"meta":{"lastBranch":1,"lastFunction":1,"lastStatement":1,"seen":{"f:15:9:15:18":0,"s:19:4:39:Infinity":0,"b:29:17:29:38:29:38:29:Infinity":0}}}
}
